<?xml version="1.0" encoding="UTF-8"?>
<!-- Generated by org.testng.reporters.JUnitReportReporter -->
<testsuite hostname="user-PC" name="com.screenshot.ScreenShotExample" tests="1" failures="0" timestamp="28 Jan 2016 17:37:20 GMT" time="18.596" errors="1">
  <testcase name="CaptureScreenShot" time="18.596" classname="com.screenshot.ScreenShotExample">
    <error type="java.lang.RuntimeException" message="Process refused to die after 10 seconds, and couldn&#039;t taskkill it: exec return code 1: ERROR: Out of memory
">
      <![CDATA[java.lang.RuntimeException: Process refused to die after 10 seconds, and couldn't taskkill it: exec return code 1: ERROR: Out of memory

	at org.openqa.selenium.os.ProcessUtils.killWinProcess(ProcessUtils.java:142)
	at org.openqa.selenium.os.ProcessUtils.killProcess(ProcessUtils.java:81)
	at org.openqa.selenium.os.UnixProcess$SeleniumWatchDog.destroyHarder(UnixProcess.java:247)
	at org.openqa.selenium.os.UnixProcess$SeleniumWatchDog.access$2(UnixProcess.java:246)
	at org.openqa.selenium.os.UnixProcess.destroy(UnixProcess.java:125)
	at org.openqa.selenium.os.CommandLine.destroy(CommandLine.java:153)
	at org.openqa.selenium.firefox.FirefoxBinary.quit(FirefoxBinary.java:259)
	at org.openqa.selenium.firefox.internal.NewProfileExtensionConnection.quit(NewProfileExtensionConnection.java:204)
	at org.openqa.selenium.firefox.FirefoxDriver$LazyCommandExecutor.quit(FirefoxDriver.java:377)
	at org.openqa.selenium.firefox.FirefoxDriver.stopClient(FirefoxDriver.java:323)
	at org.openqa.selenium.remote.RemoteWebDriver.quit(RemoteWebDriver.java:467)
	at com.screenshot.ScreenShotExample.CaptureScreenShot(ScreenShotExample.java:34)
	at sun.reflect.NativeMethodAccessorImpl.invoke0(Native Method)
	at sun.reflect.NativeMethodAccessorImpl.invoke(Unknown Source)
	at sun.reflect.DelegatingMethodAccessorImpl.invoke(Unknown Source)
	at java.lang.reflect.Method.invoke(Unknown Source)
	at org.testng.internal.MethodInvocationHelper.invokeMethod(MethodInvocationHelper.java:86)
	at org.testng.internal.Invoker.invokeMethod(Invoker.java:645)
	at org.testng.internal.Invoker.invokeTestMethod(Invoker.java:822)
	at org.testng.internal.Invoker.invokeTestMethods(Invoker.java:1130)
	at org.testng.internal.TestMethodWorker.invokeTestMethods(TestMethodWorker.java:129)
	at org.testng.internal.TestMethodWorker.run(TestMethodWorker.java:112)
	at org.testng.TestRunner.privateRun(TestRunner.java:782)
	at org.testng.TestRunner.run(TestRunner.java:632)
	at org.testng.SuiteRunner.runTest(SuiteRunner.java:366)
	at org.testng.SuiteRunner.runSequentially(SuiteRunner.java:361)
	at org.testng.SuiteRunner.privateRun(SuiteRunner.java:319)
	at org.testng.SuiteRunner.run(SuiteRunner.java:268)
	at org.testng.SuiteRunnerWorker.runSuite(SuiteRunnerWorker.java:52)
	at org.testng.SuiteRunnerWorker.run(SuiteRunnerWorker.java:86)
	at org.testng.TestNG.runSuitesSequentially(TestNG.java:1244)
	at org.testng.TestNG.runSuitesLocally(TestNG.java:1169)
	at org.testng.TestNG.run(TestNG.java:1064)
	at org.testng.remote.RemoteTestNG.run(RemoteTestNG.java:113)
	at org.testng.remote.RemoteTestNG.initAndRun(RemoteTestNG.java:206)
	at org.testng.remote.RemoteTestNG.main(RemoteTestNG.java:177)
Caused by: java.lang.RuntimeException: exec return code 1: ERROR: Out of memory

	at org.openqa.selenium.os.WindowsUtils.killPID(WindowsUtils.java:179)
	at org.openqa.selenium.os.ProcessUtils.killWinProcess(ProcessUtils.java:138)
	... 35 more
]]>
    </error>
  </testcase> <!-- CaptureScreenShot -->
</testsuite> <!-- com.screenshot.ScreenShotExample -->
